2023-08-01 16:50:02:321  [TID 19056   ][INFO      ] Default Logger initialized [dmvcframework]
2023-08-01 16:50:02:321  [TID 19056   ][INFO      ] ENTER: Config default values [dmvcframework]
2023-08-01 16:50:02:492  [TID 19056   ][INFO      ] EXIT: Config default values [dmvcframework]
2023-08-01 16:50:02:492  [TID 19056   ][INFO      ] >> Custom configuration method [dmvcframework]
2023-08-01 16:50:02:500  [TID 19056   ][INFO      ] << Custom configuration method [dmvcframework]
2023-08-01 16:50:02:521  [TID 19056   ][INFO      ] ENTER: LoadSystemControllers [dmvcframework]
2023-08-01 16:50:02:522  [TID 19056   ][INFO      ] EXIT: LoadSystemControllers [dmvcframework]
2023-08-01 16:50:02:625  [TID 19056   ][INFO      ] GET:/api/customers [0:0:0:0:0:0:0:1] -> Controller.WebApi.TargetBank.TControllerApiTargetBank.GetCustomers - 200 OK [dmvcframework]
2023-08-01 16:50:02:966  [TID 19056   ][INFO      ] GET:/favicon.ico [0:0:0:0:0:0:0:1] -> {NOT FOUND} - 404 Not Found [dmvcframework]
2023-08-01 16:50:04:597  [TID 19056   ][ERROR     ] [EMVCException] Not Found [PathInfo "GET /favicon.ico"] (Custom message: "GET /favicon.ico") [dmvcframework]
2023-08-02 21:05:26:610  [TID 5824    ][INFO      ] Default Logger initialized [dmvcframework]
2023-08-02 21:05:26:676  [TID 5824    ][INFO      ] ENTER: Config default values [dmvcframework]
2023-08-02 21:05:26:676  [TID 5824    ][INFO      ] EXIT: Config default values [dmvcframework]
2023-08-02 21:05:26:676  [TID 5824    ][INFO      ] >> Custom configuration method [dmvcframework]
2023-08-02 21:05:26:676  [TID 5824    ][INFO      ] << Custom configuration method [dmvcframework]
2023-08-02 21:05:26:745  [TID 5824    ][INFO      ] ENTER: LoadSystemControllers [dmvcframework]
2023-08-02 21:05:26:745  [TID 5824    ][INFO      ] EXIT: LoadSystemControllers [dmvcframework]
2023-08-02 21:05:28:969  [TID 5824    ][ERROR     ] [EAccessViolation] Access violation at address 00FF153A in module 'Api.TargetBank.exe'. Read of address 00000004 [PathInfo "GET /api/cadastro"] (Custom message: "Cannot create controller") [dmvcframework]
2023-08-02 21:05:36:034  [TID 5824    ][ERROR     ] [EMVCException] Cannot create controller [PathInfo "GET /api/cadastro"] (Custom message: "") [dmvcframework]
2023-08-02 21:08:54:848  [TID 15336   ][INFO      ] Default Logger initialized [dmvcframework]
2023-08-02 21:08:54:942  [TID 15336   ][INFO      ] ENTER: Config default values [dmvcframework]
2023-08-02 21:08:54:942  [TID 15336   ][INFO      ] EXIT: Config default values [dmvcframework]
2023-08-02 21:08:54:942  [TID 15336   ][INFO      ] >> Custom configuration method [dmvcframework]
2023-08-02 21:08:54:942  [TID 15336   ][INFO      ] << Custom configuration method [dmvcframework]
2023-08-02 21:08:54:997  [TID 15336   ][INFO      ] ENTER: LoadSystemControllers [dmvcframework]
2023-08-02 21:08:54:997  [TID 15336   ][INFO      ] EXIT: LoadSystemControllers [dmvcframework]
2023-08-03 08:01:57:720  [TID 21540   ][INFO      ] Default Logger initialized [dmvcframework]
2023-08-03 08:01:57:774  [TID 21540   ][INFO      ] ENTER: Config default values [dmvcframework]
2023-08-03 08:01:57:775  [TID 21540   ][INFO      ] EXIT: Config default values [dmvcframework]
2023-08-03 08:01:57:775  [TID 21540   ][INFO      ] >> Custom configuration method [dmvcframework]
2023-08-03 08:01:57:775  [TID 21540   ][INFO      ] << Custom configuration method [dmvcframework]
2023-08-03 08:01:57:845  [TID 21540   ][INFO      ] ENTER: LoadSystemControllers [dmvcframework]
2023-08-03 08:01:57:845  [TID 21540   ][INFO      ] EXIT: LoadSystemControllers [dmvcframework]
2023-08-03 08:02:16:988  [TID 21540   ][ERROR     ] [EAccessViolation] Access violation at address 0081153A in module 'Api.TargetBank.exe'. Read of address 00000004 [PathInfo "GET /api/cadastro"] (Custom message: "Cannot create controller") [dmvcframework]
2023-08-03 08:02:20:362  [TID 21540   ][ERROR     ] [EMVCException] Cannot create controller [PathInfo "GET /api/cadastro"] (Custom message: "") [dmvcframework]
2023-08-03 08:09:07:542  [TID 4304    ][INFO      ] Default Logger initialized [dmvcframework]
2023-08-03 08:09:07:617  [TID 4304    ][INFO      ] ENTER: Config default values [dmvcframework]
2023-08-03 08:09:07:617  [TID 4304    ][INFO      ] EXIT: Config default values [dmvcframework]
2023-08-03 08:09:07:617  [TID 4304    ][INFO      ] >> Custom configuration method [dmvcframework]
2023-08-03 08:09:07:617  [TID 4304    ][INFO      ] << Custom configuration method [dmvcframework]
2023-08-03 08:09:07:617  [TID 4304    ][INFO      ] ENTER: LoadSystemControllers [dmvcframework]
2023-08-03 08:09:07:617  [TID 4304    ][INFO      ] EXIT: LoadSystemControllers [dmvcframework]
2023-08-03 08:25:53:394  [TID 21352   ][INFO      ] Default Logger initialized [dmvcframework]
2023-08-03 08:25:53:501  [TID 21352   ][INFO      ] ENTER: Config default values [dmvcframework]
2023-08-03 08:25:53:501  [TID 21352   ][INFO      ] EXIT: Config default values [dmvcframework]
2023-08-03 08:25:53:501  [TID 21352   ][INFO      ] >> Custom configuration method [dmvcframework]
2023-08-03 08:25:53:501  [TID 21352   ][INFO      ] << Custom configuration method [dmvcframework]
2023-08-03 08:25:53:502  [TID 21352   ][INFO      ] ENTER: LoadSystemControllers [dmvcframework]
2023-08-03 08:25:53:502  [TID 21352   ][INFO      ] EXIT: LoadSystemControllers [dmvcframework]
2023-08-03 08:26:47:883  [TID 20236   ][INFO      ] Default Logger initialized [dmvcframework]
2023-08-03 08:26:47:883  [TID 20236   ][INFO      ] ENTER: Config default values [dmvcframework]
2023-08-03 08:26:47:953  [TID 20236   ][INFO      ] EXIT: Config default values [dmvcframework]
2023-08-03 08:26:47:953  [TID 20236   ][INFO      ] >> Custom configuration method [dmvcframework]
2023-08-03 08:26:47:953  [TID 20236   ][INFO      ] << Custom configuration method [dmvcframework]
2023-08-03 08:26:47:953  [TID 20236   ][INFO      ] ENTER: LoadSystemControllers [dmvcframework]
2023-08-03 08:26:47:953  [TID 20236   ][INFO      ] EXIT: LoadSystemControllers [dmvcframework]
2023-08-03 18:58:46:207  [TID 7260    ][INFO      ] Default Logger initialized [dmvcframework]
2023-08-03 18:58:46:208  [TID 7260    ][INFO      ] ENTER: Config default values [dmvcframework]
2023-08-03 18:58:46:507  [TID 7260    ][INFO      ] EXIT: Config default values [dmvcframework]
2023-08-03 18:58:46:509  [TID 7260    ][INFO      ] >> Custom configuration method [dmvcframework]
2023-08-03 18:58:46:821  [TID 7260    ][INFO      ] << Custom configuration method [dmvcframework]
2023-08-03 18:58:46:826  [TID 7260    ][INFO      ] ENTER: LoadSystemControllers [dmvcframework]
2023-08-03 18:58:46:826  [TID 7260    ][INFO      ] EXIT: LoadSystemControllers [dmvcframework]
2023-08-05 15:57:38:745  [TID 26152   ][INFO      ] Default Logger initialized [dmvcframework]
2023-08-05 15:57:38:901  [TID 26152   ][INFO      ] ENTER: Config default values [dmvcframework]
2023-08-05 15:57:38:902  [TID 26152   ][INFO      ] EXIT: Config default values [dmvcframework]
2023-08-05 15:57:38:902  [TID 26152   ][INFO      ] >> Custom configuration method [dmvcframework]
2023-08-05 15:57:38:902  [TID 26152   ][INFO      ] << Custom configuration method [dmvcframework]
2023-08-05 15:57:39:039  [TID 26152   ][INFO      ] ENTER: LoadSystemControllers [dmvcframework]
2023-08-05 15:57:39:039  [TID 26152   ][INFO      ] EXIT: LoadSystemControllers [dmvcframework]
2023-08-05 17:32:22:009  [TID 26152   ][ERROR     ] [EMVCActiveRecord] Allowed primary key types are: (Nullable)Integer, (Nullable)Int16, (Nullable)Int32, (Nullable)Int64, (Nullable)String, GUID - found: double [PathInfo "GET /api/cadastro"] (Custom message: "") [dmvcframework]
2023-08-05 17:33:26:670  [TID 3552    ][ERROR     ] [EMVCActiveRecord] Allowed primary key types are: (Nullable)Integer, (Nullable)Int16, (Nullable)Int32, (Nullable)Int64, (Nullable)String, GUID - found: double [PathInfo "GET /api/cadastro"] (Custom message: "") [dmvcframework]
2023-08-05 17:47:36:859  [TID 11012   ][INFO      ] Default Logger initialized [dmvcframework]
2023-08-05 17:47:36:902  [TID 11012   ][INFO      ] ENTER: Config default values [dmvcframework]
2023-08-05 17:47:36:902  [TID 11012   ][INFO      ] EXIT: Config default values [dmvcframework]
2023-08-05 17:47:36:902  [TID 11012   ][INFO      ] >> Custom configuration method [dmvcframework]
2023-08-05 17:47:36:902  [TID 11012   ][INFO      ] << Custom configuration method [dmvcframework]
2023-08-05 17:47:36:963  [TID 11012   ][INFO      ] ENTER: LoadSystemControllers [dmvcframework]
2023-08-05 17:47:36:963  [TID 11012   ][INFO      ] EXIT: LoadSystemControllers [dmvcframework]
2023-08-05 17:48:41:109  [TID 4916    ][INFO      ] Default Logger initialized [dmvcframework]
2023-08-05 17:48:41:270  [TID 4916    ][INFO      ] ENTER: Config default values [dmvcframework]
2023-08-05 17:48:41:270  [TID 4916    ][INFO      ] EXIT: Config default values [dmvcframework]
2023-08-05 17:48:41:270  [TID 4916    ][INFO      ] >> Custom configuration method [dmvcframework]
2023-08-05 17:48:41:270  [TID 4916    ][INFO      ] << Custom configuration method [dmvcframework]
2023-08-05 17:48:41:270  [TID 4916    ][INFO      ] ENTER: LoadSystemControllers [dmvcframework]
2023-08-05 17:48:41:270  [TID 4916    ][INFO      ] EXIT: LoadSystemControllers [dmvcframework]
2023-08-05 17:49:25:905  [TID 4916    ][ERROR     ] [ERQLException] [Error] Expected EOF (column 0 - found Selec) [PathInfo "GET /api/cadastro"] (Custom message: "Global Action Exception Handler") [dmvcframework]
2023-08-05 17:50:18:412  [TID 5728    ][INFO      ] Default Logger initialized [dmvcframework]
2023-08-05 17:50:18:503  [TID 5728    ][INFO      ] ENTER: Config default values [dmvcframework]
2023-08-05 17:50:18:503  [TID 5728    ][INFO      ] EXIT: Config default values [dmvcframework]
2023-08-05 17:50:18:503  [TID 5728    ][INFO      ] >> Custom configuration method [dmvcframework]
2023-08-05 17:50:18:503  [TID 5728    ][INFO      ] << Custom configuration method [dmvcframework]
2023-08-05 17:50:18:503  [TID 5728    ][INFO      ] ENTER: LoadSystemControllers [dmvcframework]
2023-08-05 17:50:18:503  [TID 5728    ][INFO      ] EXIT: LoadSystemControllers [dmvcframework]
2023-08-05 17:50:19:057  [TID 5728    ][INFO      ] GET:/api/cadastro [0:0:0:0:0:0:0:1] -> Controller.WebApi.TargetBank.TControllerApiTargetBank.GetCadastro - 200 OK [dmvcframework]
2023-08-05 17:52:47:124  [TID 21028   ][INFO      ] Default Logger initialized [dmvcframework]
2023-08-05 17:52:47:125  [TID 21028   ][INFO      ] ENTER: Config default values [dmvcframework]
2023-08-05 17:52:47:220  [TID 21028   ][INFO      ] EXIT: Config default values [dmvcframework]
2023-08-05 17:52:47:220  [TID 21028   ][INFO      ] >> Custom configuration method [dmvcframework]
2023-08-05 17:52:47:220  [TID 21028   ][INFO      ] << Custom configuration method [dmvcframework]
2023-08-05 17:52:47:221  [TID 21028   ][INFO      ] ENTER: LoadSystemControllers [dmvcframework]
2023-08-05 17:52:47:221  [TID 21028   ][INFO      ] EXIT: LoadSystemControllers [dmvcframework]
2023-08-05 17:52:58:787  [TID 21028   ][ERROR     ] [EInvalidPointer] Invalid pointer operation [PathInfo "GET /api/cadastro"] (Custom message: "Global Action Exception Handler") [dmvcframework]
2023-08-06 18:15:07:913  [TID 8620    ][INFO      ] Default Logger initialized [dmvcframework]
2023-08-06 18:15:07:995  [TID 8620    ][INFO      ] ENTER: Config default values [dmvcframework]
2023-08-06 18:15:07:995  [TID 8620    ][INFO      ] EXIT: Config default values [dmvcframework]
2023-08-06 18:15:07:995  [TID 8620    ][INFO      ] >> Custom configuration method [dmvcframework]
2023-08-06 18:15:07:995  [TID 8620    ][INFO      ] << Custom configuration method [dmvcframework]
2023-08-06 18:15:08:083  [TID 8620    ][INFO      ] ENTER: LoadSystemControllers [dmvcframework]
2023-08-06 18:15:08:083  [TID 8620    ][INFO      ] EXIT: LoadSystemControllers [dmvcframework]
2023-08-06 18:24:00:405  [TID 7332    ][INFO      ] Default Logger initialized [dmvcframework]
2023-08-06 18:24:00:505  [TID 7332    ][INFO      ] ENTER: Config default values [dmvcframework]
2023-08-06 18:24:00:505  [TID 7332    ][INFO      ] EXIT: Config default values [dmvcframework]
2023-08-06 18:24:00:505  [TID 7332    ][INFO      ] >> Custom configuration method [dmvcframework]
2023-08-06 18:24:00:506  [TID 7332    ][INFO      ] << Custom configuration method [dmvcframework]
2023-08-06 18:24:00:563  [TID 7332    ][INFO      ] ENTER: LoadSystemControllers [dmvcframework]
2023-08-06 18:24:00:564  [TID 7332    ][INFO      ] EXIT: LoadSystemControllers [dmvcframework]
2023-08-06 18:24:00:857  [TID 7332    ][INFO      ] GET:/api/cadastro/1 [0:0:0:0:0:0:0:1] -> Controller.WebApi.TargetBank.TControllerApiTargetBank.GetCadastroById - 200 OK [dmvcframework]
2023-08-06 18:35:05:189  [TID 23056   ][INFO      ] Default Logger initialized [dmvcframework]
2023-08-06 18:35:05:189  [TID 23056   ][INFO      ] ENTER: Config default values [dmvcframework]
2023-08-06 18:35:05:286  [TID 23056   ][INFO      ] EXIT: Config default values [dmvcframework]
2023-08-06 18:35:05:286  [TID 23056   ][INFO      ] >> Custom configuration method [dmvcframework]
2023-08-06 18:35:05:286  [TID 23056   ][INFO      ] << Custom configuration method [dmvcframework]
2023-08-06 18:35:05:286  [TID 23056   ][INFO      ] ENTER: LoadSystemControllers [dmvcframework]
2023-08-06 18:35:05:286  [TID 23056   ][INFO      ] EXIT: LoadSystemControllers [dmvcframework]
2023-08-06 18:35:05:881  [TID 23056   ][INFO      ] GET:/api/cadastro [0:0:0:0:0:0:0:1] -> Controller.WebApi.TargetBank.TControllerApiTargetBank.GetCadastro - 200 OK [dmvcframework]
2023-08-06 18:37:06:212  [TID 26584   ][INFO      ] Default Logger initialized [dmvcframework]
2023-08-06 18:37:06:318  [TID 26584   ][INFO      ] ENTER: Config default values [dmvcframework]
2023-08-06 18:37:06:318  [TID 26584   ][INFO      ] EXIT: Config default values [dmvcframework]
2023-08-06 18:37:06:318  [TID 26584   ][INFO      ] >> Custom configuration method [dmvcframework]
2023-08-06 18:37:06:318  [TID 26584   ][INFO      ] << Custom configuration method [dmvcframework]
2023-08-06 18:37:06:318  [TID 26584   ][INFO      ] ENTER: LoadSystemControllers [dmvcframework]
2023-08-06 18:37:06:318  [TID 26584   ][INFO      ] EXIT: LoadSystemControllers [dmvcframework]
2023-08-06 18:37:15:250  [TID 26584   ][ERROR     ] [EInvalidPointer] Invalid pointer operation [PathInfo "GET /api/cadastro"] (Custom message: "Global Action Exception Handler") [dmvcframework]
2023-08-06 18:38:19:066  [TID 26584   ][ERROR     ] [EListError] Duplicates not allowed [PathInfo "GET /api/cadastro"] (Custom message: "Cannot create controller") [dmvcframework]
2023-08-06 18:38:21:081  [TID 26584   ][ERROR     ] [EMVCException] Cannot create controller [PathInfo "GET /api/cadastro"] (Custom message: "") [dmvcframework]
2023-08-06 18:38:33:211  [TID 26584   ][ERROR     ] [EListError] Duplicates not allowed [PathInfo "GET /api/cadastro"] (Custom message: "Cannot create controller") [dmvcframework]
2023-08-06 18:38:43:625  [TID 26584   ][ERROR     ] [EMVCException] Cannot create controller [PathInfo "GET /api/cadastro"] (Custom message: "") [dmvcframework]
2023-08-06 18:39:00:243  [TID 26584   ][ERROR     ] [EListError] Duplicates not allowed [PathInfo "GET /api/cadastro/1"] (Custom message: "Cannot create controller") [dmvcframework]
2023-08-06 18:39:00:306  [TID 26584   ][ERROR     ] [EMVCException] Cannot create controller [PathInfo "GET /api/cadastro/1"] (Custom message: "") [dmvcframework]
2023-08-06 18:40:20:181  [TID 20104   ][INFO      ] Default Logger initialized [dmvcframework]
2023-08-06 18:40:20:285  [TID 20104   ][INFO      ] ENTER: Config default values [dmvcframework]
2023-08-06 18:40:20:285  [TID 20104   ][INFO      ] EXIT: Config default values [dmvcframework]
2023-08-06 18:40:20:285  [TID 20104   ][INFO      ] >> Custom configuration method [dmvcframework]
2023-08-06 18:40:20:285  [TID 20104   ][INFO      ] << Custom configuration method [dmvcframework]
2023-08-06 18:40:20:285  [TID 20104   ][INFO      ] ENTER: LoadSystemControllers [dmvcframework]
2023-08-06 18:40:20:285  [TID 20104   ][INFO      ] EXIT: LoadSystemControllers [dmvcframework]
2023-08-06 18:40:23:273  [TID 20104   ][ERROR     ] [EInvalidPointer] Invalid pointer operation [PathInfo "GET /api/cadastro/2"] (Custom message: "Global Action Exception Handler") [dmvcframework]
2023-08-06 18:40:37:775  [TID 20104   ][ERROR     ] [EListError] Duplicates not allowed [PathInfo "GET /api/cadastro/1"] (Custom message: "Cannot create controller") [dmvcframework]
2023-08-06 18:40:37:834  [TID 20104   ][ERROR     ] [EMVCException] Cannot create controller [PathInfo "GET /api/cadastro/1"] (Custom message: "") [dmvcframework]
2023-08-06 18:41:07:083  [TID 20104   ][ERROR     ] [EListError] Duplicates not allowed [PathInfo "GET /api/cadastro"] (Custom message: "Cannot create controller") [dmvcframework]
2023-08-06 18:41:07:093  [TID 20104   ][ERROR     ] [EMVCException] Cannot create controller [PathInfo "GET /api/cadastro"] (Custom message: "") [dmvcframework]
2023-08-06 18:45:49:270  [TID 9592    ][INFO      ] Default Logger initialized [dmvcframework]
2023-08-06 18:45:49:359  [TID 9592    ][INFO      ] ENTER: Config default values [dmvcframework]
2023-08-06 18:45:49:359  [TID 9592    ][INFO      ] EXIT: Config default values [dmvcframework]
2023-08-06 18:45:49:359  [TID 9592    ][INFO      ] >> Custom configuration method [dmvcframework]
2023-08-06 18:45:49:359  [TID 9592    ][INFO      ] << Custom configuration method [dmvcframework]
2023-08-06 18:45:49:359  [TID 9592    ][INFO      ] ENTER: LoadSystemControllers [dmvcframework]
2023-08-06 18:45:49:359  [TID 9592    ][INFO      ] EXIT: LoadSystemControllers [dmvcframework]
2023-08-06 18:47:11:362  [TID 24228   ][INFO      ] Default Logger initialized [dmvcframework]
2023-08-06 18:47:11:459  [TID 24228   ][INFO      ] ENTER: Config default values [dmvcframework]
2023-08-06 18:47:11:459  [TID 24228   ][INFO      ] EXIT: Config default values [dmvcframework]
2023-08-06 18:47:11:459  [TID 24228   ][INFO      ] >> Custom configuration method [dmvcframework]
2023-08-06 18:47:11:459  [TID 24228   ][INFO      ] << Custom configuration method [dmvcframework]
2023-08-06 18:47:11:459  [TID 24228   ][INFO      ] ENTER: LoadSystemControllers [dmvcframework]
2023-08-06 18:47:11:459  [TID 24228   ][INFO      ] EXIT: LoadSystemControllers [dmvcframework]
2023-08-06 18:48:17:721  [TID 4496    ][INFO      ] Default Logger initialized [dmvcframework]
2023-08-06 18:48:17:830  [TID 4496    ][INFO      ] ENTER: Config default values [dmvcframework]
2023-08-06 18:48:17:830  [TID 4496    ][INFO      ] EXIT: Config default values [dmvcframework]
2023-08-06 18:48:17:830  [TID 4496    ][INFO      ] >> Custom configuration method [dmvcframework]
2023-08-06 18:48:17:830  [TID 4496    ][INFO      ] << Custom configuration method [dmvcframework]
2023-08-06 18:48:17:830  [TID 4496    ][INFO      ] ENTER: LoadSystemControllers [dmvcframework]
2023-08-06 18:48:17:830  [TID 4496    ][INFO      ] EXIT: LoadSystemControllers [dmvcframework]
2023-08-06 18:48:18:420  [TID 4496    ][INFO      ] GET:/api/cadastro/1 [0:0:0:0:0:0:0:1] -> Controller.WebApi.TargetBank.TControllerApiTargetBank.GetCadastroById - 200 OK [dmvcframework]
2023-08-06 18:48:28:347  [TID 4496    ][ERROR     ] [EListError] Duplicates not allowed [PathInfo "GET /api/cadastro"] (Custom message: "Cannot create controller") [dmvcframework]
2023-08-06 18:48:28:404  [TID 4496    ][ERROR     ] [EMVCException] Cannot create controller [PathInfo "GET /api/cadastro"] (Custom message: "") [dmvcframework]
2023-08-06 18:49:38:888  [TID 4496    ][ERROR     ] [EListError] Duplicates not allowed [PathInfo "GET /api/cadastro/1"] (Custom message: "Cannot create controller") [dmvcframework]
2023-08-06 18:49:38:992  [TID 4496    ][ERROR     ] [EMVCException] Cannot create controller [PathInfo "GET /api/cadastro/1"] (Custom message: "") [dmvcframework]
2023-08-06 18:50:56:863  [TID 25024   ][INFO      ] Default Logger initialized [dmvcframework]
2023-08-06 18:50:56:999  [TID 25024   ][INFO      ] ENTER: Config default values [dmvcframework]
2023-08-06 18:50:56:999  [TID 25024   ][INFO      ] EXIT: Config default values [dmvcframework]
2023-08-06 18:50:56:999  [TID 25024   ][INFO      ] >> Custom configuration method [dmvcframework]
2023-08-06 18:50:56:999  [TID 25024   ][INFO      ] << Custom configuration method [dmvcframework]
2023-08-06 18:50:56:999  [TID 25024   ][INFO      ] ENTER: LoadSystemControllers [dmvcframework]
2023-08-06 18:50:56:999  [TID 25024   ][INFO      ] EXIT: LoadSystemControllers [dmvcframework]
2023-08-06 18:51:02:255  [TID 25024   ][ERROR     ] [EInvalidPointer] Invalid pointer operation [PathInfo "GET /api/cadastro/1"] (Custom message: "Global Action Exception Handler") [dmvcframework]
2023-08-06 18:53:31:609  [TID 5136    ][INFO      ] Default Logger initialized [dmvcframework]
2023-08-06 18:53:31:697  [TID 5136    ][INFO      ] ENTER: Config default values [dmvcframework]
2023-08-06 18:53:31:697  [TID 5136    ][INFO      ] EXIT: Config default values [dmvcframework]
2023-08-06 18:53:31:697  [TID 5136    ][INFO      ] >> Custom configuration method [dmvcframework]
2023-08-06 18:53:31:697  [TID 5136    ][INFO      ] << Custom configuration method [dmvcframework]
2023-08-06 18:53:31:698  [TID 5136    ][INFO      ] ENTER: LoadSystemControllers [dmvcframework]
2023-08-06 18:53:31:698  [TID 5136    ][INFO      ] EXIT: LoadSystemControllers [dmvcframework]
2023-08-06 18:53:32:230  [TID 5136    ][INFO      ] GET:/api/cadastro/1 [0:0:0:0:0:0:0:1] -> Controller.WebApi.TargetBank.TControllerApiTargetBank.GetCadastroById - 200 OK [dmvcframework]
2023-08-06 18:53:44:001  [TID 5136    ][ERROR     ] [EListError] Duplicates not allowed [PathInfo "GET /api/cadastro/2"] (Custom message: "Cannot create controller") [dmvcframework]
2023-08-06 18:53:44:060  [TID 5136    ][ERROR     ] [EMVCException] Cannot create controller [PathInfo "GET /api/cadastro/2"] (Custom message: "") [dmvcframework]
2023-08-06 18:57:38:766  [TID 5136    ][ERROR     ] [EListError] Duplicates not allowed [PathInfo "GET /api/cadastro/2"] (Custom message: "Cannot create controller") [dmvcframework]
2023-08-06 18:57:38:787  [TID 5136    ][ERROR     ] [EMVCException] Cannot create controller [PathInfo "GET /api/cadastro/2"] (Custom message: "") [dmvcframework]
2023-08-06 19:15:14:819  [TID 25952   ][INFO      ] Default Logger initialized [dmvcframework]
2023-08-06 19:15:14:952  [TID 25952   ][INFO      ] ENTER: Config default values [dmvcframework]
2023-08-06 19:15:14:952  [TID 25952   ][INFO      ] EXIT: Config default values [dmvcframework]
2023-08-06 19:15:14:952  [TID 25952   ][INFO      ] >> Custom configuration method [dmvcframework]
2023-08-06 19:15:14:952  [TID 25952   ][INFO      ] << Custom configuration method [dmvcframework]
2023-08-06 19:15:14:952  [TID 25952   ][INFO      ] ENTER: LoadSystemControllers [dmvcframework]
2023-08-06 19:15:14:952  [TID 25952   ][INFO      ] EXIT: LoadSystemControllers [dmvcframework]
2023-08-06 19:15:15:536  [TID 25952   ][INFO      ] GET:/api/cadastro [0:0:0:0:0:0:0:1] -> Controller.WebApi.TargetBank.TControllerApiTargetBank.GetCadastro - 200 OK [dmvcframework]
2023-08-06 19:19:52:046  [TID 25704   ][INFO      ] Default Logger initialized [dmvcframework]
2023-08-06 19:19:52:046  [TID 25704   ][INFO      ] ENTER: Config default values [dmvcframework]
2023-08-06 19:19:52:126  [TID 25704   ][INFO      ] EXIT: Config default values [dmvcframework]
2023-08-06 19:19:52:126  [TID 25704   ][INFO      ] >> Custom configuration method [dmvcframework]
2023-08-06 19:19:52:126  [TID 25704   ][INFO      ] << Custom configuration method [dmvcframework]
2023-08-06 19:19:52:233  [TID 25704   ][INFO      ] ENTER: LoadSystemControllers [dmvcframework]
2023-08-06 19:19:52:233  [TID 25704   ][INFO      ] EXIT: LoadSystemControllers [dmvcframework]
2023-08-06 19:19:52:628  [TID 25704   ][INFO      ] GET:/api/cadastro/1 [0:0:0:0:0:0:0:1] -> Controller.WebApi.TargetBank.TControllerApiTargetBank.GetCadastroById - 200 OK [dmvcframework]
2023-08-06 19:20:00:790  [TID 25704   ][ERROR     ] [EListError] Duplicates not allowed [PathInfo "GET /api/cadastro/2"] (Custom message: "Cannot create controller") [dmvcframework]
2023-08-06 19:20:00:850  [TID 25704   ][ERROR     ] [EMVCException] Cannot create controller [PathInfo "GET /api/cadastro/2"] (Custom message: "") [dmvcframework]
2023-08-06 19:20:14:891  [TID 25704   ][ERROR     ] [EListError] Duplicates not allowed [PathInfo "GET /api/cadastro/2"] (Custom message: "Cannot create controller") [dmvcframework]
2023-08-06 19:20:14:903  [TID 25704   ][ERROR     ] [EMVCException] Cannot create controller [PathInfo "GET /api/cadastro/2"] (Custom message: "") [dmvcframework]
2023-08-06 19:20:33:433  [TID 25704   ][ERROR     ] [EListError] Duplicates not allowed [PathInfo "GET /api/cadastro"] (Custom message: "Cannot create controller") [dmvcframework]
2023-08-06 19:20:33:452  [TID 25704   ][ERROR     ] [EMVCException] Cannot create controller [PathInfo "GET /api/cadastro"] (Custom message: "") [dmvcframework]
2023-08-06 19:30:24:969  [TID 25704   ][ERROR     ] [EListError] Duplicates not allowed [PathInfo "GET /api/cadastro"] (Custom message: "Cannot create controller") [dmvcframework]
2023-08-06 19:30:24:975  [TID 25704   ][ERROR     ] [EMVCException] Cannot create controller [PathInfo "GET /api/cadastro"] (Custom message: "") [dmvcframework]
2023-08-06 19:31:15:627  [TID 23152   ][INFO      ] Default Logger initialized [dmvcframework]
2023-08-06 19:31:15:733  [TID 23152   ][INFO      ] ENTER: Config default values [dmvcframework]
2023-08-06 19:31:15:733  [TID 23152   ][INFO      ] EXIT: Config default values [dmvcframework]
2023-08-06 19:31:15:733  [TID 23152   ][INFO      ] >> Custom configuration method [dmvcframework]
2023-08-06 19:31:15:733  [TID 23152   ][INFO      ] << Custom configuration method [dmvcframework]
2023-08-06 19:31:15:733  [TID 23152   ][INFO      ] ENTER: LoadSystemControllers [dmvcframework]
2023-08-06 19:31:15:733  [TID 23152   ][INFO      ] EXIT: LoadSystemControllers [dmvcframework]
2023-08-06 19:31:19:928  [TID 23152   ][INFO      ] GET:/api/cadastro/321 [0:0:0:0:0:0:0:1] -> Controller.WebApi.TargetBank.TControllerApiTargetBank.GetCadastroById - 200 OK [dmvcframework]
2023-08-06 19:36:24:398  [TID 23152   ][ERROR     ] [EListError] Duplicates not allowed [PathInfo "GET /api/cadastro/3"] (Custom message: "Cannot create controller") [dmvcframework]
2023-08-06 19:36:24:481  [TID 23152   ][ERROR     ] [EMVCException] Cannot create controller [PathInfo "GET /api/cadastro/3"] (Custom message: "") [dmvcframework]
2023-08-06 19:37:05:591  [TID 23428   ][INFO      ] Default Logger initialized [dmvcframework]
2023-08-06 19:37:05:675  [TID 23428   ][INFO      ] ENTER: Config default values [dmvcframework]
2023-08-06 19:37:05:675  [TID 23428   ][INFO      ] EXIT: Config default values [dmvcframework]
2023-08-06 19:37:05:675  [TID 23428   ][INFO      ] >> Custom configuration method [dmvcframework]
2023-08-06 19:37:05:675  [TID 23428   ][INFO      ] << Custom configuration method [dmvcframework]
2023-08-06 19:37:05:675  [TID 23428   ][INFO      ] ENTER: LoadSystemControllers [dmvcframework]
2023-08-06 19:37:05:675  [TID 23428   ][INFO      ] EXIT: LoadSystemControllers [dmvcframework]
2023-08-06 19:38:52:902  [TID 23428   ][INFO      ] GET:/api/cadastro/3 [0:0:0:0:0:0:0:1] -> Controller.WebApi.TargetBank.TControllerApiTargetBank.GetCadastroById - 200 OK [dmvcframework]
2023-08-06 19:41:48:753  [TID 23428   ][ERROR     ] [EListError] Duplicates not allowed [PathInfo "GET /api/cadastro/3"] (Custom message: "Cannot create controller") [dmvcframework]
2023-08-06 19:41:48:844  [TID 23428   ][ERROR     ] [EMVCException] Cannot create controller [PathInfo "GET /api/cadastro/3"] (Custom message: "") [dmvcframework]
2023-08-06 19:42:19:467  [TID 23428   ][ERROR     ] [EListError] Duplicates not allowed [PathInfo "GET /api/cadastro/3"] (Custom message: "Cannot create controller") [dmvcframework]
2023-08-06 19:42:19:495  [TID 23428   ][ERROR     ] [EMVCException] Cannot create controller [PathInfo "GET /api/cadastro/3"] (Custom message: "") [dmvcframework]
2023-08-06 19:52:44:732  [TID 16256   ][INFO      ] Default Logger initialized [dmvcframework]
2023-08-06 19:52:44:817  [TID 16256   ][INFO      ] ENTER: Config default values [dmvcframework]
2023-08-06 19:52:44:817  [TID 16256   ][INFO      ] EXIT: Config default values [dmvcframework]
2023-08-06 19:52:44:817  [TID 16256   ][INFO      ] >> Custom configuration method [dmvcframework]
2023-08-06 19:52:44:817  [TID 16256   ][INFO      ] << Custom configuration method [dmvcframework]
2023-08-06 19:52:44:817  [TID 16256   ][INFO      ] ENTER: LoadSystemControllers [dmvcframework]
2023-08-06 19:52:44:817  [TID 16256   ][INFO      ] EXIT: LoadSystemControllers [dmvcframework]
2023-08-06 19:52:48:134  [TID 16256   ][INFO      ] GET:/api/cadastro/3 [0:0:0:0:0:0:0:1] -> Controller.WebApi.TargetBank.TControllerApiTargetBank.GetCadastroById - 200 OK [dmvcframework]
2023-08-06 19:57:33:733  [TID 26620   ][INFO      ] Default Logger initialized [dmvcframework]
2023-08-06 19:57:33:816  [TID 26620   ][INFO      ] ENTER: Config default values [dmvcframework]
2023-08-06 19:57:33:816  [TID 26620   ][INFO      ] EXIT: Config default values [dmvcframework]
2023-08-06 19:57:33:816  [TID 26620   ][INFO      ] >> Custom configuration method [dmvcframework]
2023-08-06 19:57:33:816  [TID 26620   ][INFO      ] << Custom configuration method [dmvcframework]
2023-08-06 19:57:33:816  [TID 26620   ][INFO      ] ENTER: LoadSystemControllers [dmvcframework]
2023-08-06 19:57:33:816  [TID 26620   ][INFO      ] EXIT: LoadSystemControllers [dmvcframework]
2023-08-06 19:57:34:360  [TID 26620   ][INFO      ] GET:/api/cadastro/1 [0:0:0:0:0:0:0:1] -> Controller.WebApi.TargetBank.TControllerApiTargetBank.GetCadastroById - 200 OK [dmvcframework]
2023-08-09 18:03:37:572  [TID 16852   ][INFO      ] Default Logger initialized [dmvcframework]
2023-08-09 18:03:37:617  [TID 16852   ][INFO      ] ENTER: Config default values [dmvcframework]
2023-08-09 18:03:37:617  [TID 16852   ][INFO      ] EXIT: Config default values [dmvcframework]
2023-08-09 18:03:37:617  [TID 16852   ][INFO      ] >> Custom configuration method [dmvcframework]
2023-08-09 18:03:37:617  [TID 16852   ][INFO      ] << Custom configuration method [dmvcframework]
2023-08-09 18:03:37:617  [TID 16852   ][INFO      ] ENTER: LoadSystemControllers [dmvcframework]
2023-08-09 18:03:37:617  [TID 16852   ][INFO      ] EXIT: LoadSystemControllers [dmvcframework]
2023-08-09 18:03:37:988  [TID 16852   ][ERROR     ] [EMVCDeserializationException] Body ContentType "text/plain;charset=utf-8" not supported [PathInfo "POST /api/cadastro"] (Custom message: "") [dmvcframework]
2023-08-09 18:04:39:873  [TID 15676   ][INFO      ] Default Logger initialized [dmvcframework]
2023-08-09 18:04:39:944  [TID 15676   ][INFO      ] ENTER: Config default values [dmvcframework]
2023-08-09 18:04:39:944  [TID 15676   ][INFO      ] EXIT: Config default values [dmvcframework]
2023-08-09 18:04:39:944  [TID 15676   ][INFO      ] >> Custom configuration method [dmvcframework]
2023-08-09 18:04:39:944  [TID 15676   ][INFO      ] << Custom configuration method [dmvcframework]
2023-08-09 18:04:39:944  [TID 15676   ][INFO      ] ENTER: LoadSystemControllers [dmvcframework]
2023-08-09 18:04:39:944  [TID 15676   ][INFO      ] EXIT: LoadSystemControllers [dmvcframework]
2023-08-09 18:04:40:310  [TID 15676   ][INFO      ] POST:/api/cadastro [0:0:0:0:0:0:0:1] -> Controller.WebApi.TargetBank.TControllerApiTargetBank.CreateCadastro - 200 OK [dmvcframework]
2023-08-09 18:08:43:799  [TID 9624    ][INFO      ] Default Logger initialized [dmvcframework]
2023-08-09 18:08:43:800  [TID 9624    ][INFO      ] ENTER: Config default values [dmvcframework]
2023-08-09 18:08:43:800  [TID 9624    ][INFO      ] EXIT: Config default values [dmvcframework]
2023-08-09 18:08:43:800  [TID 9624    ][INFO      ] >> Custom configuration method [dmvcframework]
2023-08-09 18:08:43:800  [TID 9624    ][INFO      ] << Custom configuration method [dmvcframework]
2023-08-09 18:08:43:861  [TID 9624    ][INFO      ] ENTER: LoadSystemControllers [dmvcframework]
2023-08-09 18:08:43:861  [TID 9624    ][INFO      ] EXIT: LoadSystemControllers [dmvcframework]
2023-08-09 18:08:44:253  [TID 9624    ][INFO      ] GET:/api/cadastro [0:0:0:0:0:0:0:1] -> Controller.WebApi.TargetBank.TControllerApiTargetBank.GetCadastro - 200 OK [dmvcframework]
2023-08-09 18:23:21:720  [TID 9752    ][INFO      ] Default Logger initialized [dmvcframework]
2023-08-09 18:23:21:782  [TID 9752    ][INFO      ] ENTER: Config default values [dmvcframework]
2023-08-09 18:23:21:782  [TID 9752    ][INFO      ] EXIT: Config default values [dmvcframework]
2023-08-09 18:23:21:782  [TID 9752    ][INFO      ] >> Custom configuration method [dmvcframework]
2023-08-09 18:23:21:782  [TID 9752    ][INFO      ] << Custom configuration method [dmvcframework]
2023-08-09 18:23:21:782  [TID 9752    ][INFO      ] ENTER: LoadSystemControllers [dmvcframework]
2023-08-09 18:23:21:783  [TID 9752    ][INFO      ] EXIT: LoadSystemControllers [dmvcframework]
2023-08-09 18:23:22:164  [TID 9752    ][INFO      ] DELETE:/api/cadastro/890 [0:0:0:0:0:0:0:1] -> Controller.WebApi.TargetBank.TControllerApiTargetBank.DeleteCadastro - 200 OK [dmvcframework]
2023-08-09 18:24:06:975  [TID 9752    ][INFO      ] POST:/api/cadastro/890 [0:0:0:0:0:0:0:1] -> {NOT FOUND} - 404 Not Found [dmvcframework]
2023-08-09 18:24:07:043  [TID 9752    ][ERROR     ] [EMVCException] Not Found [PathInfo "POST /api/cadastro/890"] (Custom message: "POST /api/cadastro/890") [dmvcframework]
2023-08-09 18:24:34:061  [TID 13012   ][INFO      ] POST:/api/cadastro/1 [0:0:0:0:0:0:0:1] -> {NOT FOUND} - 404 Not Found [dmvcframework]
2023-08-09 18:24:34:083  [TID 13012   ][ERROR     ] [EMVCException] Not Found [PathInfo "POST /api/cadastro/1"] (Custom message: "POST /api/cadastro/1") [dmvcframework]
2023-08-09 18:25:25:051  [TID 15608   ][INFO      ] GET:/api/cadastro/1 [0:0:0:0:0:0:0:1] -> Controller.WebApi.TargetBank.TControllerApiTargetBank.GetCadastroById - 200 OK [dmvcframework]
2023-08-09 18:26:02:313  [TID 15608   ][ERROR     ] [EListError] Duplicates not allowed [PathInfo "GET /api/cadastro/2"] (Custom message: "Cannot create controller") [dmvcframework]
2023-08-09 18:26:02:376  [TID 15608   ][ERROR     ] [EMVCException] Cannot create controller [PathInfo "GET /api/cadastro/2"] (Custom message: "") [dmvcframework]
2023-08-09 18:35:57:780  [TID 17964   ][INFO      ] Default Logger initialized [dmvcframework]
2023-08-09 18:35:57:830  [TID 17964   ][INFO      ] ENTER: Config default values [dmvcframework]
2023-08-09 18:35:57:830  [TID 17964   ][INFO      ] EXIT: Config default values [dmvcframework]
2023-08-09 18:35:57:830  [TID 17964   ][INFO      ] >> Custom configuration method [dmvcframework]
2023-08-09 18:35:57:830  [TID 17964   ][INFO      ] << Custom configuration method [dmvcframework]
2023-08-09 18:35:57:830  [TID 17964   ][INFO      ] ENTER: LoadSystemControllers [dmvcframework]
2023-08-09 18:35:57:830  [TID 17964   ][INFO      ] EXIT: LoadSystemControllers [dmvcframework]
2023-08-09 18:35:58:243  [TID 17964   ][INFO      ] GET:/api/cadastro [0:0:0:0:0:0:0:1] -> Controller.WebApi.TargetBank.TControllerApiTargetBank.GetCadastro - 200 OK [dmvcframework]
2023-08-09 18:36:11:631  [TID 17964   ][ERROR     ] [EListError] Duplicates not allowed [PathInfo "GET /api/cadastro/1"] (Custom message: "Cannot create controller") [dmvcframework]
2023-08-09 18:36:11:705  [TID 17964   ][ERROR     ] [EMVCException] Cannot create controller [PathInfo "GET /api/cadastro/1"] (Custom message: "") [dmvcframework]
2023-08-09 18:36:42:711  [TID 17964   ][ERROR     ] [EListError] Duplicates not allowed [PathInfo "GET /api/cadastro"] (Custom message: "Cannot create controller") [dmvcframework]
2023-08-09 18:36:42:727  [TID 17964   ][ERROR     ] [EMVCException] Cannot create controller [PathInfo "GET /api/cadastro"] (Custom message: "") [dmvcframework]
2023-08-09 18:39:35:875  [TID 6596    ][INFO      ] Default Logger initialized [dmvcframework]
2023-08-09 18:39:35:921  [TID 6596    ][INFO      ] ENTER: Config default values [dmvcframework]
2023-08-09 18:39:35:921  [TID 6596    ][INFO      ] EXIT: Config default values [dmvcframework]
2023-08-09 18:39:35:921  [TID 6596    ][INFO      ] >> Custom configuration method [dmvcframework]
2023-08-09 18:39:35:921  [TID 6596    ][INFO      ] << Custom configuration method [dmvcframework]
2023-08-09 18:39:35:921  [TID 6596    ][INFO      ] ENTER: LoadSystemControllers [dmvcframework]
2023-08-09 18:39:35:921  [TID 6596    ][INFO      ] EXIT: LoadSystemControllers [dmvcframework]
2023-08-09 19:01:01:943  [TID 8580    ][INFO      ] Default Logger initialized [dmvcframework]
2023-08-09 19:01:02:034  [TID 8580    ][INFO      ] ENTER: Config default values [dmvcframework]
2023-08-09 19:01:02:034  [TID 8580    ][INFO      ] EXIT: Config default values [dmvcframework]
2023-08-09 19:01:02:034  [TID 8580    ][INFO      ] >> Custom configuration method [dmvcframework]
2023-08-09 19:01:02:034  [TID 8580    ][INFO      ] << Custom configuration method [dmvcframework]
2023-08-09 19:01:02:034  [TID 8580    ][INFO      ] ENTER: LoadSystemControllers [dmvcframework]
2023-08-09 19:01:02:034  [TID 8580    ][INFO      ] EXIT: LoadSystemControllers [dmvcframework]
2023-08-09 19:01:02:199  [TID 8580    ][ERROR     ] [EMVCConfigException] ConnectionDefName "activerecorddb" not found in config file "C:\Git\Api.TargetBank\src\Win32\Debug\FDConnectionDefs.ini" - or config file not present [PathInfo "GET /api/cadastro/1"] (Custom message: "") [dmvcframework]
2023-08-09 19:02:32:171  [TID 17504   ][INFO      ] Default Logger initialized [dmvcframework]
2023-08-09 19:02:32:226  [TID 17504   ][INFO      ] ENTER: Config default values [dmvcframework]
2023-08-09 19:02:32:226  [TID 17504   ][INFO      ] EXIT: Config default values [dmvcframework]
2023-08-09 19:02:32:226  [TID 17504   ][INFO      ] >> Custom configuration method [dmvcframework]
2023-08-09 19:02:32:226  [TID 17504   ][INFO      ] << Custom configuration method [dmvcframework]
2023-08-09 19:02:32:226  [TID 17504   ][INFO      ] ENTER: LoadSystemControllers [dmvcframework]
2023-08-09 19:02:32:226  [TID 17504   ][INFO      ] EXIT: LoadSystemControllers [dmvcframework]
2023-08-09 19:02:35:923  [TID 17504   ][INFO      ] GET:/api/cadastro/1 [0:0:0:0:0:0:0:1] -> Controller.WebApi.TargetBank.TControllerApiTargetBank.GetCadastroById - 200 OK [dmvcframework]
2023-08-09 19:02:44:882  [TID 17504   ][ERROR     ] [EListError] Duplicates not allowed [PathInfo "GET /api/cadastro/50"] (Custom message: "Cannot create controller") [dmvcframework]
2023-08-09 19:02:44:971  [TID 17504   ][ERROR     ] [EMVCException] Cannot create controller [PathInfo "GET /api/cadastro/50"] (Custom message: "") [dmvcframework]
2023-08-09 21:47:03:153  [TID 17504   ][ERROR     ] [EListError] Duplicates not allowed [PathInfo "GET /api/cadastro"] (Custom message: "Cannot create controller") [dmvcframework]
2023-08-09 21:47:03:163  [TID 17504   ][ERROR     ] [EMVCException] Cannot create controller [PathInfo "GET /api/cadastro"] (Custom message: "") [dmvcframework]
2023-08-09 21:47:24:119  [TID 19320   ][INFO      ] Default Logger initialized [dmvcframework]
2023-08-09 21:47:24:119  [TID 19320   ][INFO      ] ENTER: Config default values [dmvcframework]
2023-08-09 21:47:24:190  [TID 19320   ][INFO      ] EXIT: Config default values [dmvcframework]
2023-08-09 21:47:24:190  [TID 19320   ][INFO      ] >> Custom configuration method [dmvcframework]
2023-08-09 21:47:24:190  [TID 19320   ][INFO      ] << Custom configuration method [dmvcframework]
2023-08-09 21:47:24:190  [TID 19320   ][INFO      ] ENTER: LoadSystemControllers [dmvcframework]
2023-08-09 21:47:24:190  [TID 19320   ][INFO      ] EXIT: LoadSystemControllers [dmvcframework]
2023-08-09 21:47:24:682  [TID 19320   ][INFO      ] GET:/api/cadastro [0:0:0:0:0:0:0:1] -> Controller.WebApi.TargetBank.TControllerApiTargetBank.GetCadastro - 200 OK [dmvcframework]
2023-08-09 21:47:49:657  [TID 19320   ][ERROR     ] [EListError] Duplicates not allowed [PathInfo "POST /api/cadastro"] (Custom message: "Cannot create controller") [dmvcframework]
2023-08-09 21:47:49:735  [TID 19320   ][ERROR     ] [EMVCException] Cannot create controller [PathInfo "POST /api/cadastro"] (Custom message: "") [dmvcframework]
2023-08-09 21:48:48:162  [TID 19320   ][ERROR     ] [EListError] Duplicates not allowed [PathInfo "POST /api/cadastro"] (Custom message: "Cannot create controller") [dmvcframework]
2023-08-09 21:48:48:177  [TID 19320   ][ERROR     ] [EMVCException] Cannot create controller [PathInfo "POST /api/cadastro"] (Custom message: "") [dmvcframework]
2023-08-09 21:49:10:658  [TID 6064    ][INFO      ] Default Logger initialized [dmvcframework]
2023-08-09 21:49:10:725  [TID 6064    ][INFO      ] ENTER: Config default values [dmvcframework]
2023-08-09 21:49:10:725  [TID 6064    ][INFO      ] EXIT: Config default values [dmvcframework]
2023-08-09 21:49:10:725  [TID 6064    ][INFO      ] >> Custom configuration method [dmvcframework]
2023-08-09 21:49:10:725  [TID 6064    ][INFO      ] << Custom configuration method [dmvcframework]
2023-08-09 21:49:10:725  [TID 6064    ][INFO      ] ENTER: LoadSystemControllers [dmvcframework]
2023-08-09 21:49:10:725  [TID 6064    ][INFO      ] EXIT: LoadSystemControllers [dmvcframework]
2023-08-09 21:49:11:114  [TID 6064    ][INFO      ] POST:/api/cadastro [0:0:0:0:0:0:0:1] -> Controller.WebApi.TargetBank.TControllerApiTargetBank.CreateCadastro - 200 OK [dmvcframework]
2023-08-09 21:49:31:662  [TID 6064    ][INFO      ] POST:/api/cadastro/891 [0:0:0:0:0:0:0:1] -> {NOT FOUND} - 404 Not Found [dmvcframework]
2023-08-09 21:49:31:739  [TID 6064    ][ERROR     ] [EMVCException] Not Found [PathInfo "POST /api/cadastro/891"] (Custom message: "POST /api/cadastro/891") [dmvcframework]
2023-08-09 21:49:32:091  [TID 15980   ][INFO      ] PUT:/api/cadastro/891 [0:0:0:0:0:0:0:1] -> Controller.WebApi.TargetBank.TControllerApiTargetBank.UpdateCadastro - 200 OK [dmvcframework]
2023-08-09 21:49:39:909  [TID 15980   ][ERROR     ] [EListError] Duplicates not allowed [PathInfo "DELETE /api/cadastro/891"] (Custom message: "Cannot create controller") [dmvcframework]
2023-08-09 21:49:39:924  [TID 15980   ][ERROR     ] [EMVCException] Cannot create controller [PathInfo "DELETE /api/cadastro/891"] (Custom message: "") [dmvcframework]
2023-08-09 22:25:08:053  [TID 18144   ][INFO      ] Default Logger initialized [dmvcframework]
2023-08-09 22:25:08:120  [TID 18144   ][INFO      ] ENTER: Config default values [dmvcframework]
2023-08-09 22:25:08:120  [TID 18144   ][INFO      ] EXIT: Config default values [dmvcframework]
2023-08-09 22:25:08:120  [TID 18144   ][INFO      ] >> Custom configuration method [dmvcframework]
2023-08-09 22:25:08:120  [TID 18144   ][INFO      ] << Custom configuration method [dmvcframework]
2023-08-09 22:25:08:120  [TID 18144   ][INFO      ] ENTER: LoadSystemControllers [dmvcframework]
2023-08-09 22:25:08:120  [TID 18144   ][INFO      ] EXIT: LoadSystemControllers [dmvcframework]
2023-08-09 22:25:08:185  [TID 18144   ][INFO      ] POST:/api/cadastro/891 [0:0:0:0:0:0:0:1] -> {NOT FOUND} - 404 Not Found [dmvcframework]
2023-08-09 22:25:08:261  [TID 18144   ][ERROR     ] [EMVCException] Not Found [PathInfo "POST /api/cadastro/891"] (Custom message: "POST /api/cadastro/891") [dmvcframework]
2023-08-09 22:27:18:340  [TID 13692   ][INFO      ] POST:/api/cadastro [0:0:0:0:0:0:0:1] -> Controller.WebApi.TargetBank.TControllerApiTargetBank.CreateCadastro - 200 OK [dmvcframework]
2023-08-09 22:27:57:781  [TID 13692   ][ERROR     ] [EListError] Duplicates not allowed [PathInfo "POST /api/cadastro"] (Custom message: "Cannot create controller") [dmvcframework]
2023-08-09 22:27:57:784  [TID 13692   ][ERROR     ] [EMVCException] Cannot create controller [PathInfo "POST /api/cadastro"] (Custom message: "") [dmvcframework]
2023-08-09 22:34:14:518  [TID 18736   ][INFO      ] Default Logger initialized [dmvcframework]
2023-08-09 22:34:14:594  [TID 18736   ][INFO      ] ENTER: Config default values [dmvcframework]
2023-08-09 22:34:14:594  [TID 18736   ][INFO      ] EXIT: Config default values [dmvcframework]
2023-08-09 22:34:14:594  [TID 18736   ][INFO      ] >> Custom configuration method [dmvcframework]
2023-08-09 22:34:14:594  [TID 18736   ][INFO      ] << Custom configuration method [dmvcframework]
2023-08-09 22:34:14:595  [TID 18736   ][INFO      ] ENTER: LoadSystemControllers [dmvcframework]
2023-08-09 22:34:14:595  [TID 18736   ][INFO      ] EXIT: LoadSystemControllers [dmvcframework]
2023-08-09 22:34:14:595  [TID 6072    ][INFO      ] ENTER: Config default values [dmvcframework]
2023-08-09 22:34:14:655  [TID 6072    ][INFO      ] EXIT: Config default values [dmvcframework]
2023-08-09 22:34:14:655  [TID 6072    ][INFO      ] >> Custom configuration method [dmvcframework]
2023-08-09 22:34:14:655  [TID 6072    ][INFO      ] << Custom configuration method [dmvcframework]
2023-08-09 22:34:14:655  [TID 6072    ][INFO      ] ENTER: LoadSystemControllers [dmvcframework]
2023-08-09 22:34:14:655  [TID 6072    ][INFO      ] EXIT: LoadSystemControllers [dmvcframework]
2023-08-09 22:34:14:658  [TID 18736   ][INFO      ] POST:/api/cadastro/892 [0:0:0:0:0:0:0:1] -> {NOT FOUND} - 404 Not Found [dmvcframework]
2023-08-09 22:34:14:740  [TID 18736   ][ERROR     ] [EMVCException] Not Found [PathInfo "POST /api/cadastro/892"] (Custom message: "POST /api/cadastro/892") [dmvcframework]
2023-08-09 22:35:58:728  [TID 6072    ][INFO      ] GET:/api/cadastro/892 [0:0:0:0:0:0:0:1] -> Controller.WebApi.TargetBank.TControllerApiTargetBank.GetCadastroById - 200 OK [dmvcframework]
2023-08-09 22:39:24:649  [TID 14004   ][INFO      ] Default Logger initialized [dmvcframework]
2023-08-09 22:39:24:719  [TID 14004   ][INFO      ] ENTER: Config default values [dmvcframework]
2023-08-09 22:39:24:719  [TID 14004   ][INFO      ] EXIT: Config default values [dmvcframework]
2023-08-09 22:39:24:719  [TID 14004   ][INFO      ] >> Custom configuration method [dmvcframework]
2023-08-09 22:39:24:719  [TID 14004   ][INFO      ] << Custom configuration method [dmvcframework]
2023-08-09 22:39:24:719  [TID 14004   ][INFO      ] ENTER: LoadSystemControllers [dmvcframework]
2023-08-09 22:39:24:719  [TID 14004   ][INFO      ] EXIT: LoadSystemControllers [dmvcframework]
2023-08-09 22:39:24:783  [TID 11280   ][INFO      ] ENTER: Config default values [dmvcframework]
2023-08-09 22:39:24:783  [TID 11280   ][INFO      ] EXIT: Config default values [dmvcframework]
2023-08-09 22:39:24:783  [TID 11280   ][INFO      ] >> Custom configuration method [dmvcframework]
2023-08-09 22:39:24:783  [TID 11280   ][INFO      ] << Custom configuration method [dmvcframework]
2023-08-09 22:39:24:783  [TID 11280   ][INFO      ] ENTER: LoadSystemControllers [dmvcframework]
2023-08-09 22:39:24:783  [TID 11280   ][INFO      ] EXIT: LoadSystemControllers [dmvcframework]
2023-08-09 22:39:24:785  [TID 11280   ][INFO      ] POST:/api/cadastro/8 [0:0:0:0:0:0:0:1] -> {NOT FOUND} - 404 Not Found [dmvcframework]
2023-08-09 22:39:24:855  [TID 11280   ][ERROR     ] [EMVCException] Not Found [PathInfo "POST /api/cadastro/8"] (Custom message: "POST /api/cadastro/8") [dmvcframework]
2023-08-09 22:39:28:763  [TID 14004   ][INFO      ] GET:/api/cadastro/8 [0:0:0:0:0:0:0:1] -> Controller.WebApi.TargetBank.TControllerApiTargetBank.GetCadastroById - 200 OK [dmvcframework]
2023-08-09 22:39:40:054  [TID 14004   ][INFO      ] POST:/api/cadastro/1 [0:0:0:0:0:0:0:1] -> {NOT FOUND} - 404 Not Found [dmvcframework]
2023-08-09 22:39:40:058  [TID 14004   ][ERROR     ] [EMVCException] Not Found [PathInfo "POST /api/cadastro/1"] (Custom message: "POST /api/cadastro/1") [dmvcframework]
2023-08-09 22:39:40:508  [TID 16096   ][INFO      ] GET:/api/cadastro/1 [0:0:0:0:0:0:0:1] -> Controller.WebApi.TargetBank.TControllerApiTargetBank.GetCadastroById - 200 OK [dmvcframework]
2023-08-09 22:39:48:490  [TID 16096   ][ERROR     ] [EListError] Duplicates not allowed [PathInfo "GET /api/cadastro/3"] (Custom message: "Cannot create controller") [dmvcframework]
2023-08-09 22:39:48:508  [TID 16096   ][ERROR     ] [EMVCException] Cannot create controller [PathInfo "GET /api/cadastro/3"] (Custom message: "") [dmvcframework]
2023-08-09 22:39:55:674  [TID 16096   ][ERROR     ] [EListError] Duplicates not allowed [PathInfo "GET /api/cadastro/892"] (Custom message: "Cannot create controller") [dmvcframework]
2023-08-09 22:39:55:685  [TID 16096   ][ERROR     ] [EMVCException] Cannot create controller [PathInfo "GET /api/cadastro/892"] (Custom message: "") [dmvcframework]
2023-08-09 22:40:03:398  [TID 16096   ][ERROR     ] [EListError] Duplicates not allowed [PathInfo "GET /api/cadastro"] (Custom message: "Cannot create controller") [dmvcframework]
2023-08-09 22:40:03:412  [TID 16096   ][ERROR     ] [EMVCException] Cannot create controller [PathInfo "GET /api/cadastro"] (Custom message: "") [dmvcframework]
2023-08-09 22:41:10:415  [TID 9324    ][INFO      ] Default Logger initialized [dmvcframework]
2023-08-09 22:41:10:415  [TID 9324    ][INFO      ] ENTER: Config default values [dmvcframework]
2023-08-09 22:41:10:415  [TID 9324    ][INFO      ] EXIT: Config default values [dmvcframework]
2023-08-09 22:41:10:415  [TID 9324    ][INFO      ] >> Custom configuration method [dmvcframework]
2023-08-09 22:41:10:415  [TID 9324    ][INFO      ] << Custom configuration method [dmvcframework]
2023-08-09 22:41:10:415  [TID 9324    ][INFO      ] ENTER: LoadSystemControllers [dmvcframework]
2023-08-09 22:41:10:415  [TID 9324    ][INFO      ] EXIT: LoadSystemControllers [dmvcframework]
2023-08-09 22:41:10:589  [TID 9324    ][INFO      ] GET:/api/cadastro [0:0:0:0:0:0:0:1] -> Controller.WebApi.TargetBank.TControllerApiTargetBank.GetCadastro - 200 OK [dmvcframework]
2023-08-09 22:41:18:434  [TID 9324    ][ERROR     ] [EListError] Duplicates not allowed [PathInfo "GET /api/cadastro/1"] (Custom message: "Cannot create controller") [dmvcframework]
2023-08-09 22:41:18:435  [TID 9324    ][ERROR     ] [EMVCException] Cannot create controller [PathInfo "GET /api/cadastro/1"] (Custom message: "") [dmvcframework]
2023-08-10 10:39:52:376  [TID 9324    ][ERROR     ] [EListError] Duplicates not allowed [PathInfo "GET /api/cadastro/1"] (Custom message: "Cannot create controller") [dmvcframework]
2023-08-10 10:39:52:376  [TID 9324    ][ERROR     ] [EMVCException] Cannot create controller [PathInfo "GET /api/cadastro/1"] (Custom message: "") [dmvcframework]
2023-08-10 10:39:56:792  [TID 9324    ][ERROR     ] [EListError] Duplicates not allowed [PathInfo "GET /api/cadastro/1"] (Custom message: "Cannot create controller") [dmvcframework]
2023-08-10 10:39:56:792  [TID 9324    ][ERROR     ] [EMVCException] Cannot create controller [PathInfo "GET /api/cadastro/1"] (Custom message: "") [dmvcframework]
2023-08-10 10:39:58:884  [TID 9324    ][ERROR     ] [EListError] Duplicates not allowed [PathInfo "GET /api/cadastro/1"] (Custom message: "Cannot create controller") [dmvcframework]
2023-08-10 10:39:58:885  [TID 9324    ][ERROR     ] [EMVCException] Cannot create controller [PathInfo "GET /api/cadastro/1"] (Custom message: "") [dmvcframework]
2023-08-10 10:40:01:028  [TID 9324    ][INFO      ] POST:/api/cadastro/1 [0:0:0:0:0:0:0:1] -> {NOT FOUND} - 404 Not Found [dmvcframework]
2023-08-10 10:40:01:028  [TID 9324    ][ERROR     ] [EMVCException] Not Found [PathInfo "POST /api/cadastro/1"] (Custom message: "POST /api/cadastro/1") [dmvcframework]
2023-08-10 10:40:05:000  [TID 22104   ][INFO      ] GET:/api/cadastro/1 [0:0:0:0:0:0:0:1] -> Controller.WebApi.TargetBank.TControllerApiTargetBank.GetCadastroById - 200 OK [dmvcframework]
2023-08-10 10:40:11:962  [TID 22104   ][ERROR     ] [EListError] Duplicates not allowed [PathInfo "GET /api/cadastro/2"] (Custom message: "Cannot create controller") [dmvcframework]
2023-08-10 10:40:11:963  [TID 22104   ][ERROR     ] [EMVCException] Cannot create controller [PathInfo "GET /api/cadastro/2"] (Custom message: "") [dmvcframework]
2023-08-10 10:40:14:345  [TID 22104   ][INFO      ] POST:/api/cadastro/2 [0:0:0:0:0:0:0:1] -> {NOT FOUND} - 404 Not Found [dmvcframework]
2023-08-10 10:40:14:345  [TID 22104   ][ERROR     ] [EMVCException] Not Found [PathInfo "POST /api/cadastro/2"] (Custom message: "POST /api/cadastro/2") [dmvcframework]
2023-08-10 10:40:16:430  [TID 10356   ][INFO      ] GET:/api/cadastro/2 [0:0:0:0:0:0:0:1] -> Controller.WebApi.TargetBank.TControllerApiTargetBank.GetCadastroById - 200 OK [dmvcframework]
2023-08-10 10:40:31:880  [TID 10356   ][INFO      ] POST:/api/cadastro/2 [0:0:0:0:0:0:0:1] -> {NOT FOUND} - 404 Not Found [dmvcframework]
2023-08-10 10:40:31:880  [TID 10356   ][ERROR     ] [EMVCException] Not Found [PathInfo "POST /api/cadastro/2"] (Custom message: "POST /api/cadastro/2") [dmvcframework]
2023-08-10 10:40:37:913  [TID 20504   ][INFO      ] POST:/api/cadastro/3 [0:0:0:0:0:0:0:1] -> {NOT FOUND} - 404 Not Found [dmvcframework]
2023-08-10 10:40:37:913  [TID 20504   ][ERROR     ] [EMVCException] Not Found [PathInfo "POST /api/cadastro/3"] (Custom message: "POST /api/cadastro/3") [dmvcframework]
2023-08-10 10:40:38:646  [TID 18604   ][INFO      ] GET:/api/cadastro/3 [0:0:0:0:0:0:0:1] -> Controller.WebApi.TargetBank.TControllerApiTargetBank.GetCadastroById - 200 OK [dmvcframework]
2023-08-10 10:40:58:267  [TID 18604   ][INFO      ] POST:/api/cadastro/3 [0:0:0:0:0:0:0:1] -> {NOT FOUND} - 404 Not Found [dmvcframework]
2023-08-10 10:40:58:267  [TID 18604   ][ERROR     ] [EMVCException] Not Found [PathInfo "POST /api/cadastro/3"] (Custom message: "POST /api/cadastro/3") [dmvcframework]
2023-08-10 10:41:00:169  [TID 11404   ][INFO      ] POST:/api/cadastro/3 [0:0:0:0:0:0:0:1] -> {NOT FOUND} - 404 Not Found [dmvcframework]
2023-08-10 10:41:00:169  [TID 11404   ][ERROR     ] [EMVCException] Not Found [PathInfo "POST /api/cadastro/3"] (Custom message: "POST /api/cadastro/3") [dmvcframework]
2023-08-10 10:41:09:030  [TID 1936    ][INFO      ] POST:/api/cadastro [0:0:0:0:0:0:0:1] -> Controller.WebApi.TargetBank.TControllerApiTargetBank.CreateCadastro - 200 OK [dmvcframework]
2023-08-10 11:21:46:403  [TID 1936    ][ERROR     ] [EListError] Duplicates not allowed [PathInfo "POST /api/cadastro"] (Custom message: "Cannot create controller") [dmvcframework]
2023-08-10 11:21:46:403  [TID 1936    ][ERROR     ] [EMVCException] Cannot create controller [PathInfo "POST /api/cadastro"] (Custom message: "") [dmvcframework]
2023-08-10 11:21:55:126  [TID 1936    ][INFO      ] POST:/api/cadastro/894 [0:0:0:0:0:0:0:1] -> {NOT FOUND} - 404 Not Found [dmvcframework]
2023-08-10 11:21:55:126  [TID 1936    ][ERROR     ] [EMVCException] Not Found [PathInfo "POST /api/cadastro/894"] (Custom message: "POST /api/cadastro/894") [dmvcframework]
2023-08-10 11:21:57:982  [TID 21916   ][INFO      ] DELETE:/api/cadastro/894 [0:0:0:0:0:0:0:1] -> Controller.WebApi.TargetBank.TControllerApiTargetBank.DeleteCadastro - 200 OK [dmvcframework]
2023-08-10 11:23:00:153  [TID 21916   ][INFO      ] POST:/api/cadastro/894 [0:0:0:0:0:0:0:1] -> {NOT FOUND} - 404 Not Found [dmvcframework]
2023-08-10 11:23:00:153  [TID 21916   ][ERROR     ] [EMVCException] Not Found [PathInfo "POST /api/cadastro/894"] (Custom message: "POST /api/cadastro/894") [dmvcframework]
2023-08-10 11:23:04:680  [TID 22828   ][INFO      ] POST:/api/cadastro [0:0:0:0:0:0:0:1] -> Controller.WebApi.TargetBank.TControllerApiTargetBank.CreateCadastro - 200 OK [dmvcframework]
2023-08-10 11:23:18:519  [TID 22828   ][INFO      ] POST:/api/cadastro/895 [0:0:0:0:0:0:0:1] -> {NOT FOUND} - 404 Not Found [dmvcframework]
2023-08-10 11:23:18:519  [TID 22828   ][ERROR     ] [EMVCException] Not Found [PathInfo "POST /api/cadastro/895"] (Custom message: "POST /api/cadastro/895") [dmvcframework]
2023-08-10 11:23:18:615  [TID 23308   ][INFO      ] PUT:/api/cadastro/895 [0:0:0:0:0:0:0:1] -> Controller.WebApi.TargetBank.TControllerApiTargetBank.UpdateCadastro - 200 OK [dmvcframework]
2023-08-10 11:23:43:694  [TID 23308   ][INFO      ] POST:/api/cadastro/895 [0:0:0:0:0:0:0:1] -> {NOT FOUND} - 404 Not Found [dmvcframework]
2023-08-10 11:23:43:694  [TID 23308   ][ERROR     ] [EMVCException] Not Found [PathInfo "POST /api/cadastro/895"] (Custom message: "POST /api/cadastro/895") [dmvcframework]
2023-08-10 11:25:19:474  [TID 9168    ][INFO      ] GET:/api/cadastro [0:0:0:0:0:0:0:1] -> Controller.WebApi.TargetBank.TControllerApiTargetBank.GetCadastro - 200 OK [dmvcframework]
2023-08-10 11:26:39:345  [TID 9168    ][ERROR     ] [EListError] Duplicates not allowed [PathInfo "GET /api/cadastro/895"] (Custom message: "Cannot create controller") [dmvcframework]
2023-08-10 11:26:39:346  [TID 9168    ][ERROR     ] [EMVCException] Cannot create controller [PathInfo "GET /api/cadastro/895"] (Custom message: "") [dmvcframework]
2023-08-10 11:27:12:646  [TID 9168    ][ERROR     ] [EListError] Duplicates not allowed [PathInfo "GET /api/cadastro/895"] (Custom message: "Cannot create controller") [dmvcframework]
2023-08-10 11:27:12:647  [TID 9168    ][ERROR     ] [EMVCException] Cannot create controller [PathInfo "GET /api/cadastro/895"] (Custom message: "") [dmvcframework]
2023-08-10 11:29:03:103  [TID 4640    ][INFO      ] Default Logger initialized [dmvcframework]
2023-08-10 11:29:03:159  [TID 4640    ][INFO      ] ENTER: Config default values [dmvcframework]
2023-08-10 11:29:03:159  [TID 4640    ][INFO      ] EXIT: Config default values [dmvcframework]
2023-08-10 11:29:03:159  [TID 4640    ][INFO      ] >> Custom configuration method [dmvcframework]
2023-08-10 11:29:03:159  [TID 4640    ][INFO      ] << Custom configuration method [dmvcframework]
2023-08-10 11:29:03:159  [TID 4640    ][INFO      ] ENTER: LoadSystemControllers [dmvcframework]
2023-08-10 11:29:03:159  [TID 4640    ][INFO      ] EXIT: LoadSystemControllers [dmvcframework]
2023-08-10 11:29:03:569  [TID 4640    ][INFO      ] GET:/api/cadastro/895 [0:0:0:0:0:0:0:1] -> Controller.WebApi.TargetBank.TControllerApiTargetBank.GetCadastroById - 200 OK [dmvcframework]
2023-08-10 11:29:12:915  [TID 4640    ][ERROR     ] [EListError] Duplicates not allowed [PathInfo "GET /api/cadastro"] (Custom message: "Cannot create controller") [dmvcframework]
2023-08-10 11:29:12:999  [TID 4640    ][ERROR     ] [EMVCException] Cannot create controller [PathInfo "GET /api/cadastro"] (Custom message: "") [dmvcframework]
